<?xml version="1.0" encoding="utf-8"?><testsuites name="pytest tests"><testsuite name="pytest" errors="0" failures="3" skipped="0" tests="32" time="7.596" timestamp="2026-06-18T17:59:04.256671+00:00" hostname="agent-env-1f86628d-30e1-4045-bd14-c06ea5c65a80"><testcase classname="backend.tests.test_careeros_v2" name="test_health" time="0.747" /><testcase classname="backend.tests.test_careeros_v2" name="test_public_landing_stats" time="0.167" /><testcase classname="backend.tests.test_careeros_v2" name="test_login_each_role[admin-admin@careeros.app-super_admin]" time="0.380" /><testcase classname="backend.tests.test_careeros_v2" name="test_login_each_role[institution-institution@kmit.in-institution_admin]" time="0.416" /><testcase classname="backend.tests.test_careeros_v2" name="test_login_each_role[tpo-tpo@kmit.in-tpo]" time="0.392" /><testcase classname="backend.tests.test_careeros_v2" name="test_login_each_role[faculty-faculty@kmit.in-faculty]" time="0.390" /><testcase classname="backend.tests.test_careeros_v2" name="test_login_each_role[student-student@kmit.in-student]" time="0.400" /><testcase classname="backend.tests.test_careeros_v2" name="test_login_each_role[recruiter-recruiter@amazon.com-recruiter]" time="0.393" /><testcase classname="backend.tests.test_careeros_v2" name="test_login_pending_account" time="0.332" /><testcase classname="backend.tests.test_careeros_v2" name="test_login_wrong_password" time="0.325" /><testcase classname="backend.tests.test_careeros_v2" name="test_tpo_cannot_access_admin" time="0.377" /><testcase classname="backend.tests.test_careeros_v2" name="test_admin_can_access_admin" time="0.375" /><testcase classname="backend.tests.test_careeros_v2" name="test_institutions_admin_sees_all" time="0.048" /><testcase classname="backend.tests.test_careeros_v2" name="test_institutions_tpo_only_own" time="0.053" /><testcase classname="backend.tests.test_careeros_v2" name="test_dsa_topics" time="0.103"><failure message="assert 438 == 455">backend/tests/test_careeros_v2.py:157: in test_dsa_topics
    assert r.json()["total"] == 455
E   assert 438 == 455</failure></testcase><testcase classname="backend.tests.test_careeros_v2" name="test_dsa_intelligence_tpo" time="0.057"><failure message="assert 438 == 455">backend/tests/test_careeros_v2.py:165: in test_dsa_intelligence_tpo
    assert data["total_problems"] == 455
E   assert 438 == 455</failure></testcase><testcase classname="backend.tests.test_careeros_v2" name="test_student_dashboard" time="0.378"><failure message="assert 438 == 455">backend/tests/test_careeros_v2.py:176: in test_student_dashboard
    assert d["dsa_total"] == 455
E   assert 438 == 455</failure></testcase><testcase classname="backend.tests.test_careeros_v2" name="test_student_dsa_toggle" time="0.103" /><testcase classname="backend.tests.test_careeros_v2" name="test_aptitude_intelligence" time="0.048" /><testcase classname="backend.tests.test_careeros_v2" name="test_ats_intelligence" time="0.052" /><testcase classname="backend.tests.test_careeros_v2" name="test_interviews_intelligence" time="0.053" /><testcase classname="backend.tests.test_careeros_v2" name="test_placements_overview" time="0.062" /><testcase classname="backend.tests.test_careeros_v2" name="test_applications_list_and_pipeline" time="0.072" /><testcase classname="backend.tests.test_careeros_v2" name="test_application_stage_update" time="0.159" /><testcase classname="backend.tests.test_careeros_v2" name="test_jobs_open" time="0.049" /><testcase classname="backend.tests.test_careeros_v2" name="test_recruiters_list" time="0.048" /><testcase classname="backend.tests.test_careeros_v2" name="test_talent_pool_recruiter" time="0.413" /><testcase classname="backend.tests.test_careeros_v2" name="test_talent_pool_forbidden_for_tpo" time="0.046" /><testcase classname="backend.tests.test_careeros_v2" name="test_announcements_get_and_post" time="0.224" /><testcase classname="backend.tests.test_careeros_v2" name="test_mou_tpo" time="0.055" /><testcase classname="backend.tests.test_careeros_v2" name="test_admin_pending_and_approve" time="0.507" /><testcase classname="backend.tests.test_careeros_v2" name="test_admin_test_notification" time="0.101" /></testsuite></testsuites>