<?xml version="1.0" encoding="utf-8"?><testsuites name="pytest tests"><testsuite name="pytest" errors="0" failures="0" skipped="0" tests="22" time="4.793" timestamp="2026-06-18T18:23:23.346237+00:00" hostname="agent-env-1f86628d-30e1-4045-bd14-c06ea5c65a80"><testcase classname="backend.tests.test_careeros_v21.TestReportsPDF" name="test_placement_pdf" time="0.485" /><testcase classname="backend.tests.test_careeros_v21.TestReportsPDF" name="test_training_pdf" time="0.057" /><testcase classname="backend.tests.test_careeros_v21.TestReportsPDF" name="test_department_pdf" time="0.062" /><testcase classname="backend.tests.test_careeros_v21.TestReportsCSV" name="test_students_csv" time="0.056" /><testcase classname="backend.tests.test_careeros_v21.TestReportsCSV" name="test_applications_csv" time="0.062" /><testcase classname="backend.tests.test_careeros_v21.TestReportsCSV" name="test_placements_csv" time="0.051" /><testcase classname="backend.tests.test_careeros_v21.TestInterviewSchedule" name="test_schedule_creates_record" time="0.710" /><testcase classname="backend.tests.test_careeros_v21.TestInterviewSchedule" name="test_tpo_lists_scheduled" time="0.048" /><testcase classname="backend.tests.test_careeros_v21.TestInterviewSchedule" name="test_student_scope" time="0.047" /><testcase classname="backend.tests.test_careeros_v21.TestInterviewSchedule" name="test_notification_logged" time="0.411" /><testcase classname="backend.tests.test_careeros_v21.TestInterviewSchedule" name="test_cancel_interview" time="0.091" /><testcase classname="backend.tests.test_careeros_v21.TestInvites" name="test_invite_creates_user" time="0.488" /><testcase classname="backend.tests.test_careeros_v21.TestInvites" name="test_new_user_can_login" time="0.322" /><testcase classname="backend.tests.test_careeros_v21.TestInvites" name="test_duplicate_invite_returns_409" time="0.045" /><testcase classname="backend.tests.test_careeros_v21.TestInvites" name="test_list_institution_users_includes_invite" time="0.050" /><testcase classname="backend.tests.test_careeros_v21.TestInvites" name="test_cross_institution_invite_blocked" time="0.483" /><testcase classname="backend.tests.test_careeros_v21.TestInvites" name="test_delete_institution_user" time="0.091" /><testcase classname="backend.tests.test_careeros_v21.TestMOUGridFS" name="test_upload_and_download" time="0.347" /><testcase classname="backend.tests.test_careeros_v21.TestFacultyDSAScope" name="test_faculty_scope_department" time="0.483" /><testcase classname="backend.tests.test_careeros_v21.TestFacultyDSAScope" name="test_tpo_scope_institution" time="0.060" /><testcase classname="backend.tests.test_careeros_v21.TestFacultyDSAScope" name="test_faculty_leaderboard_only_own_dept" time="0.113" /><testcase classname="backend.tests.test_careeros_v21.TestFacultyDSAScope" name="test_faculty_counts_less_than_tpo" time="0.128" /></testsuite></testsuites>